[     580ms] [WARNING] %c%s%c @notionhq/client warn: background: #e6e6e6;background: light-dark(rgba(0,0,0,0.1), rgba(255,255,255,0.25));color: #000000;color: light-dark(#000000, #ffffff);border-radius: 2px  Server   request fail {code: object_not_found, message: Could not find database with ID: 30b8017e-78bc-80d…s and databases are shared with your integration., requestId: 8967681f-8a00-48dd-8df2-30864bbcebf6} @ http://localhost:3000/_next/static/chunks/node_modules_next_dist_f3530cac._.js:2297
[     581ms] [ERROR] %c%s%c [대시보드] 견적서 조회 오류: background: #e6e6e6;background: light-dark(rgba(0,0,0,0.1), rgba(255,255,255,0.25));color: #000000;color: light-dark(#000000, #ffffff);border-radius: 2px  Server   APIResponseError: Could not find database with ID: 30b8017e-78bc-80db-a571-ca37748e0a01. Make sure the relevant pages and databases are shared with your integration.
    at InvoiceTableBody (about://React/Server/file:///Users/changhee/Documents/WorkSpace/invoice-web/.next/dev/server/chunks/ssr/%5Broot-of-the-server%5D__f32fbcfd._.js?67:949:26)
    at resolveErrorDev (http://localhost:3000/_next/static/chunks/node_modules_next_dist_compiled_react-server-dom-turbopack_9212ccad._.js:1894:106)
    at getOutlinedModel (http://localhost:3000/_next/static/chunks/node_modules_next_dist_compiled_react-server-dom-turbopack_9212ccad._.js:1447:28)
    at parseModelString (http://localhost:3000/_next/static/chunks/node_modules_next_dist_compiled_react-server-dom-turbopack_9212ccad._.js:1561:50)
    at Object.<anonymous> (http://localhost:3000/_next/static/chunks/node_modules_next_dist_compiled_react-server-dom-turbopack_9212ccad._.js:2486:55)
    at JSON.parse (<anonymous>)
    at initializeModelChunk (http://localhost:3000/_next/static/chunks/node_modules_next_dist_compiled_react-server-dom-turbopack_9212ccad._.js:1064:30)
    at getOutlinedModel (http://localhost:3000/_next/static/chunks/node_modules_next_dist_compiled_react-server-dom-turbopack_9212ccad._.js:1385:17)
    at parseModelString (http://localhost:3000/_next/static/chunks/node_modules_next_dist_compiled_react-server-dom-turbopack_9212ccad._.js:1615:50)
    at Array.<anonymous> (http://localhost:3000/_next/static/chunks/node_modules_next_dist_compiled_react-server-dom-turbopack_9212ccad._.js:2486:55)
    at JSON.parse (<anonymous>)
    at initializeModelChunk (http://localhost:3000/_next/static/chunks/node_modules_next_dist_compiled_react-server-dom-turbopack_9212ccad._.js:1064:30)
    at resolveConsoleEntry (http://localhost:3000/_next/static/chunks/node_modules_next_dist_compiled_react-server-dom-turbopack_9212ccad._.js:2020:96)
    at processFullStringRow (http://localhost:3000/_next/static/chunks/node_modules_next_dist_compiled_react-server-dom-turbopack_9212ccad._.js:2421:17)
    at processFullBinaryRow (http://localhost:3000/_next/static/chunks/node_modules_next_dist_compiled_react-server-dom-turbopack_9212ccad._.js:2361:9)
    at processBinaryChunk (http://localhost:3000/_next/static/chunks/node_modules_next_dist_compiled_react-server-dom-turbopack_9212ccad._.js:2470:221)
    at progress (http://localhost:3000/_next/static/chunks/node_modules_next_dist_compiled_react-server-dom-turbopack_9212ccad._.js:2640:13) @ http://localhost:3000/_next/static/chunks/node_modules_next_dist_f3530cac._.js:3127
[  245164ms] [WARNING] %c%s%c @notionhq/client warn: background: #e6e6e6;background: light-dark(rgba(0,0,0,0.1), rgba(255,255,255,0.25));color: #000000;color: light-dark(#000000, #ffffff);border-radius: 2px  Server   request fail {code: object_not_found, message: Could not find database with ID: 30b8017e-78bc-80d…s and databases are shared with your integration., requestId: 52202136-1ee2-4a1e-9215-88e6f01728bb} @ http://localhost:3000/_next/static/chunks/node_modules_next_dist_f3530cac._.js:2297
[  245164ms] [ERROR] %c%s%c [대시보드] 견적서 조회 오류: background: #e6e6e6;background: light-dark(rgba(0,0,0,0.1), rgba(255,255,255,0.25));color: #000000;color: light-dark(#000000, #ffffff);border-radius: 2px  Server   APIResponseError: Could not find database with ID: 30b8017e-78bc-80db-a571-ca37748e0a01. Make sure the relevant pages and databases are shared with your integration.
    at InvoiceTableBody (about://React/Server/file:///Users/changhee/Documents/WorkSpace/invoice-web/.next/dev/server/chunks/ssr/%5Broot-of-the-server%5D__f32fbcfd._.js?109:950:26)
    at resolveErrorDev (http://localhost:3000/_next/static/chunks/node_modules_next_dist_compiled_react-server-dom-turbopack_9212ccad._.js:1894:106)
    at getOutlinedModel (http://localhost:3000/_next/static/chunks/node_modules_next_dist_compiled_react-server-dom-turbopack_9212ccad._.js:1447:28)
    at parseModelString (http://localhost:3000/_next/static/chunks/node_modules_next_dist_compiled_react-server-dom-turbopack_9212ccad._.js:1561:50)
    at Object.<anonymous> (http://localhost:3000/_next/static/chunks/node_modules_next_dist_compiled_react-server-dom-turbopack_9212ccad._.js:2486:55)
    at JSON.parse (<anonymous>)
    at initializeModelChunk (http://localhost:3000/_next/static/chunks/node_modules_next_dist_compiled_react-server-dom-turbopack_9212ccad._.js:1064:30)
    at getOutlinedModel (http://localhost:3000/_next/static/chunks/node_modules_next_dist_compiled_react-server-dom-turbopack_9212ccad._.js:1385:17)
    at parseModelString (http://localhost:3000/_next/static/chunks/node_modules_next_dist_compiled_react-server-dom-turbopack_9212ccad._.js:1615:50)
    at Array.<anonymous> (http://localhost:3000/_next/static/chunks/node_modules_next_dist_compiled_react-server-dom-turbopack_9212ccad._.js:2486:55)
    at JSON.parse (<anonymous>)
    at initializeModelChunk (http://localhost:3000/_next/static/chunks/node_modules_next_dist_compiled_react-server-dom-turbopack_9212ccad._.js:1064:30)
    at resolveConsoleEntry (http://localhost:3000/_next/static/chunks/node_modules_next_dist_compiled_react-server-dom-turbopack_9212ccad._.js:2020:96)
    at processFullStringRow (http://localhost:3000/_next/static/chunks/node_modules_next_dist_compiled_react-server-dom-turbopack_9212ccad._.js:2421:17)
    at processFullBinaryRow (http://localhost:3000/_next/static/chunks/node_modules_next_dist_compiled_react-server-dom-turbopack_9212ccad._.js:2361:9)
    at processBinaryChunk (http://localhost:3000/_next/static/chunks/node_modules_next_dist_compiled_react-server-dom-turbopack_9212ccad._.js:2470:221)
    at progress (http://localhost:3000/_next/static/chunks/node_modules_next_dist_compiled_react-server-dom-turbopack_9212ccad._.js:2640:13) @ http://localhost:3000/_next/static/chunks/node_modules_next_dist_f3530cac._.js:3127
[  248590ms] [ERROR] WebSocket connection to 'ws://localhost:3000/_next/webpack-hmr?id=5Ti5ZYxrUyXnsXQQypbJ-' failed: Error in connection establishment: net::ERR_CONNECTION_REFUSED @ http://localhost:3000/_next/static/chunks/node_modules_next_dist_client_17643121._.js:10878
[  249593ms] [ERROR] WebSocket connection to 'ws://localhost:3000/_next/webpack-hmr?id=5Ti5ZYxrUyXnsXQQypbJ-' failed: Error in connection establishment: net::ERR_CONNECTION_REFUSED @ http://localhost:3000/_next/static/chunks/node_modules_next_dist_client_17643121._.js:10878
[  252004ms] [WARNING] %c%s%c @notionhq/client warn: background: #e6e6e6;background: light-dark(rgba(0,0,0,0.1), rgba(255,255,255,0.25));color: #000000;color: light-dark(#000000, #ffffff);border-radius: 2px  Server   request fail {code: object_not_found, message: Could not find database with ID: 30b8017e-78bc-80d…s and databases are shared with your integration., requestId: 9cb3a93f-1ddb-4da3-9bc6-3fade2476170} @ http://localhost:3000/_next/static/chunks/node_modules_next_dist_f3530cac._.js:2297
[  252004ms] [ERROR] %c%s%c [대시보드] 견적서 조회 오류: background: #e6e6e6;background: light-dark(rgba(0,0,0,0.1), rgba(255,255,255,0.25));color: #000000;color: light-dark(#000000, #ffffff);border-radius: 2px  Server   APIResponseError: Could not find database with ID: 30b8017e-78bc-80db-a571-ca37748e0a01. Make sure the relevant pages and databases are shared with your integration.
    at InvoiceTableBody (about://React/Server/file:///Users/changhee/Documents/WorkSpace/invoice-web/.next/dev/server/chunks/ssr/%5Broot-of-the-server%5D__f32fbcfd._.js?67:950:26)
    at resolveErrorDev (http://localhost:3000/_next/static/chunks/node_modules_next_dist_compiled_react-server-dom-turbopack_9212ccad._.js:1894:106)
    at getOutlinedModel (http://localhost:3000/_next/static/chunks/node_modules_next_dist_compiled_react-server-dom-turbopack_9212ccad._.js:1447:28)
    at parseModelString (http://localhost:3000/_next/static/chunks/node_modules_next_dist_compiled_react-server-dom-turbopack_9212ccad._.js:1561:50)
    at Object.<anonymous> (http://localhost:3000/_next/static/chunks/node_modules_next_dist_compiled_react-server-dom-turbopack_9212ccad._.js:2486:55)
    at JSON.parse (<anonymous>)
    at initializeModelChunk (http://localhost:3000/_next/static/chunks/node_modules_next_dist_compiled_react-server-dom-turbopack_9212ccad._.js:1064:30)
    at getOutlinedModel (http://localhost:3000/_next/static/chunks/node_modules_next_dist_compiled_react-server-dom-turbopack_9212ccad._.js:1385:17)
    at parseModelString (http://localhost:3000/_next/static/chunks/node_modules_next_dist_compiled_react-server-dom-turbopack_9212ccad._.js:1615:50)
    at Array.<anonymous> (http://localhost:3000/_next/static/chunks/node_modules_next_dist_compiled_react-server-dom-turbopack_9212ccad._.js:2486:55)
    at JSON.parse (<anonymous>)
    at initializeModelChunk (http://localhost:3000/_next/static/chunks/node_modules_next_dist_compiled_react-server-dom-turbopack_9212ccad._.js:1064:30)
    at resolveConsoleEntry (http://localhost:3000/_next/static/chunks/node_modules_next_dist_compiled_react-server-dom-turbopack_9212ccad._.js:2020:96)
    at processFullStringRow (http://localhost:3000/_next/static/chunks/node_modules_next_dist_compiled_react-server-dom-turbopack_9212ccad._.js:2421:17)
    at processFullBinaryRow (http://localhost:3000/_next/static/chunks/node_modules_next_dist_compiled_react-server-dom-turbopack_9212ccad._.js:2361:9)
    at processBinaryChunk (http://localhost:3000/_next/static/chunks/node_modules_next_dist_compiled_react-server-dom-turbopack_9212ccad._.js:2470:221)
    at progress (http://localhost:3000/_next/static/chunks/node_modules_next_dist_compiled_react-server-dom-turbopack_9212ccad._.js:2640:13) @ http://localhost:3000/_next/static/chunks/node_modules_next_dist_f3530cac._.js:3127
