[     533ms] [ERROR] %c%s%c Notion API 상세 오류: background: #e6e6e6;background: light-dark(rgba(0,0,0,0.1), rgba(255,255,255,0.25));color: #000000;color: light-dark(#000000, #ffffff);border-radius: 2px  Server   {object: error, status: 400, code: invalid_request_url, message: Invalid request URL., request_id: aeb2a21f-a907-4ac6-a07e-13793a06a87b} @ http://localhost:3000/_next/static/chunks/node_modules_next_dist_f3530cac._.js:3127
[     533ms] [ERROR] %c%s%c [대시보드] 견적서 조회 오류: background: #e6e6e6;background: light-dark(rgba(0,0,0,0.1), rgba(255,255,255,0.25));color: #000000;color: light-dark(#000000, #ffffff);border-radius: 2px  Server   Error: Notion API 오류: Bad Request - {"object":"error","status":400,"code":"invalid_request_url","message":"Invalid request URL.","request_id":"aeb2a21f-a907-4ac6-a07e-13793a06a87b"}
    at InvoiceTableBody (about://React/Server/file:///Users/changhee/Documents/WorkSpace/invoice-web/.next/dev/server/chunks/ssr/%5Broot-of-the-server%5D__b986a80f._.js?69:962:19)
    at resolveErrorDev (http://localhost:3000/_next/static/chunks/node_modules_next_dist_compiled_react-server-dom-turbopack_9212ccad._.js:1894:106)
    at getOutlinedModel (http://localhost:3000/_next/static/chunks/node_modules_next_dist_compiled_react-server-dom-turbopack_9212ccad._.js:1447:28)
    at parseModelString (http://localhost:3000/_next/static/chunks/node_modules_next_dist_compiled_react-server-dom-turbopack_9212ccad._.js:1561:50)
    at Object.<anonymous> (http://localhost:3000/_next/static/chunks/node_modules_next_dist_compiled_react-server-dom-turbopack_9212ccad._.js:2486:55)
    at JSON.parse (<anonymous>)
    at initializeModelChunk (http://localhost:3000/_next/static/chunks/node_modules_next_dist_compiled_react-server-dom-turbopack_9212ccad._.js:1064:30)
    at getOutlinedModel (http://localhost:3000/_next/static/chunks/node_modules_next_dist_compiled_react-server-dom-turbopack_9212ccad._.js:1385:17)
    at parseModelString (http://localhost:3000/_next/static/chunks/node_modules_next_dist_compiled_react-server-dom-turbopack_9212ccad._.js:1615:50)
    at Array.<anonymous> (http://localhost:3000/_next/static/chunks/node_modules_next_dist_compiled_react-server-dom-turbopack_9212ccad._.js:2486:55)
    at JSON.parse (<anonymous>)
    at initializeModelChunk (http://localhost:3000/_next/static/chunks/node_modules_next_dist_compiled_react-server-dom-turbopack_9212ccad._.js:1064:30)
    at resolveConsoleEntry (http://localhost:3000/_next/static/chunks/node_modules_next_dist_compiled_react-server-dom-turbopack_9212ccad._.js:2020:96)
    at processFullStringRow (http://localhost:3000/_next/static/chunks/node_modules_next_dist_compiled_react-server-dom-turbopack_9212ccad._.js:2421:17)
    at processFullBinaryRow (http://localhost:3000/_next/static/chunks/node_modules_next_dist_compiled_react-server-dom-turbopack_9212ccad._.js:2361:9)
    at processBinaryChunk (http://localhost:3000/_next/static/chunks/node_modules_next_dist_compiled_react-server-dom-turbopack_9212ccad._.js:2470:221)
    at progress (http://localhost:3000/_next/static/chunks/node_modules_next_dist_compiled_react-server-dom-turbopack_9212ccad._.js:2640:13) @ http://localhost:3000/_next/static/chunks/node_modules_next_dist_f3530cac._.js:3127
[   26530ms] [ERROR] WebSocket connection to 'ws://localhost:3000/_next/webpack-hmr?id=6-DfH7Q6Z3h1yAL9qYvEt' failed: Error in connection establishment: net::ERR_CONNECTION_REFUSED @ http://localhost:3000/_next/static/chunks/node_modules_next_dist_client_17643121._.js:10878
[   27533ms] [ERROR] WebSocket connection to 'ws://localhost:3000/_next/webpack-hmr?id=6-DfH7Q6Z3h1yAL9qYvEt' failed: Error in connection establishment: net::ERR_CONNECTION_REFUSED @ http://localhost:3000/_next/static/chunks/node_modules_next_dist_client_17643121._.js:10878
[   29977ms] [ERROR] %c%s%c Notion API 상세 오류: background: #e6e6e6;background: light-dark(rgba(0,0,0,0.1), rgba(255,255,255,0.25));color: #000000;color: light-dark(#000000, #ffffff);border-radius: 2px  Server   {object: error, status: 400, code: invalid_request_url, message: Invalid request URL., request_id: ea13bcd5-4700-45a1-8b27-bd7aa2605c95} @ http://localhost:3000/_next/static/chunks/node_modules_next_dist_f3530cac._.js:3127
[   29977ms] [ERROR] %c%s%c [대시보드] 견적서 조회 오류: background: #e6e6e6;background: light-dark(rgba(0,0,0,0.1), rgba(255,255,255,0.25));color: #000000;color: light-dark(#000000, #ffffff);border-radius: 2px  Server   Error: Notion API 오류: Bad Request - {"object":"error","status":400,"code":"invalid_request_url","message":"Invalid request URL.","request_id":"ea13bcd5-4700-45a1-8b27-bd7aa2605c95"}
    at InvoiceTableBody (about://React/Server/file:///Users/changhee/Documents/WorkSpace/invoice-web/.next/dev/server/chunks/ssr/%5Broot-of-the-server%5D__b986a80f._.js?69:962:19)
    at resolveErrorDev (http://localhost:3000/_next/static/chunks/node_modules_next_dist_compiled_react-server-dom-turbopack_9212ccad._.js:1894:106)
    at getOutlinedModel (http://localhost:3000/_next/static/chunks/node_modules_next_dist_compiled_react-server-dom-turbopack_9212ccad._.js:1447:28)
    at parseModelString (http://localhost:3000/_next/static/chunks/node_modules_next_dist_compiled_react-server-dom-turbopack_9212ccad._.js:1561:50)
    at Object.<anonymous> (http://localhost:3000/_next/static/chunks/node_modules_next_dist_compiled_react-server-dom-turbopack_9212ccad._.js:2486:55)
    at JSON.parse (<anonymous>)
    at initializeModelChunk (http://localhost:3000/_next/static/chunks/node_modules_next_dist_compiled_react-server-dom-turbopack_9212ccad._.js:1064:30)
    at getOutlinedModel (http://localhost:3000/_next/static/chunks/node_modules_next_dist_compiled_react-server-dom-turbopack_9212ccad._.js:1385:17)
    at parseModelString (http://localhost:3000/_next/static/chunks/node_modules_next_dist_compiled_react-server-dom-turbopack_9212ccad._.js:1615:50)
    at Array.<anonymous> (http://localhost:3000/_next/static/chunks/node_modules_next_dist_compiled_react-server-dom-turbopack_9212ccad._.js:2486:55)
    at JSON.parse (<anonymous>)
    at initializeModelChunk (http://localhost:3000/_next/static/chunks/node_modules_next_dist_compiled_react-server-dom-turbopack_9212ccad._.js:1064:30)
    at resolveConsoleEntry (http://localhost:3000/_next/static/chunks/node_modules_next_dist_compiled_react-server-dom-turbopack_9212ccad._.js:2020:96)
    at processFullStringRow (http://localhost:3000/_next/static/chunks/node_modules_next_dist_compiled_react-server-dom-turbopack_9212ccad._.js:2421:17)
    at processFullBinaryRow (http://localhost:3000/_next/static/chunks/node_modules_next_dist_compiled_react-server-dom-turbopack_9212ccad._.js:2361:9)
    at processBinaryChunk (http://localhost:3000/_next/static/chunks/node_modules_next_dist_compiled_react-server-dom-turbopack_9212ccad._.js:2470:221)
    at progress (http://localhost:3000/_next/static/chunks/node_modules_next_dist_compiled_react-server-dom-turbopack_9212ccad._.js:2640:13) @ http://localhost:3000/_next/static/chunks/node_modules_next_dist_f3530cac._.js:3127
