[     597ms] [ERROR] %c%s%c Notion API 상세 오류: background: #e6e6e6;background: light-dark(rgba(0,0,0,0.1), rgba(255,255,255,0.25));color: #000000;color: light-dark(#000000, #ffffff);border-radius: 2px  Server   {object: error, status: 400, code: invalid_request_url, message: Invalid request URL., request_id: c6bdd422-86c0-41d8-9f0c-84e2d1c5bf69} @ http://localhost:3000/_next/static/chunks/node_modules_next_dist_f3530cac._.js:3127
[     597ms] [ERROR] %c%s%c [대시보드] 견적서 조회 오류: background: #e6e6e6;background: light-dark(rgba(0,0,0,0.1), rgba(255,255,255,0.25));color: #000000;color: light-dark(#000000, #ffffff);border-radius: 2px  Server   Error: Notion API 오류: Bad Request - {"object":"error","status":400,"code":"invalid_request_url","message":"Invalid request URL.","request_id":"c6bdd422-86c0-41d8-9f0c-84e2d1c5bf69"}
    at InvoiceTableBody (about://React/Server/file:///Users/changhee/Documents/WorkSpace/invoice-web/.next/dev/server/chunks/ssr/%5Broot-of-the-server%5D__b986a80f._.js?69:962:19)
    at resolveErrorDev (http://localhost:3000/_next/static/chunks/node_modules_next_dist_compiled_react-server-dom-turbopack_9212ccad._.js:1894:106)
    at getOutlinedModel (http://localhost:3000/_next/static/chunks/node_modules_next_dist_compiled_react-server-dom-turbopack_9212ccad._.js:1447:28)
    at parseModelString (http://localhost:3000/_next/static/chunks/node_modules_next_dist_compiled_react-server-dom-turbopack_9212ccad._.js:1561:50)
    at Object.<anonymous> (http://localhost:3000/_next/static/chunks/node_modules_next_dist_compiled_react-server-dom-turbopack_9212ccad._.js:2486:55)
    at JSON.parse (<anonymous>)
    at initializeModelChunk (http://localhost:3000/_next/static/chunks/node_modules_next_dist_compiled_react-server-dom-turbopack_9212ccad._.js:1064:30)
    at getOutlinedModel (http://localhost:3000/_next/static/chunks/node_modules_next_dist_compiled_react-server-dom-turbopack_9212ccad._.js:1385:17)
    at parseModelString (http://localhost:3000/_next/static/chunks/node_modules_next_dist_compiled_react-server-dom-turbopack_9212ccad._.js:1615:50)
    at Array.<anonymous> (http://localhost:3000/_next/static/chunks/node_modules_next_dist_compiled_react-server-dom-turbopack_9212ccad._.js:2486:55)
    at JSON.parse (<anonymous>)
    at initializeModelChunk (http://localhost:3000/_next/static/chunks/node_modules_next_dist_compiled_react-server-dom-turbopack_9212ccad._.js:1064:30)
    at resolveConsoleEntry (http://localhost:3000/_next/static/chunks/node_modules_next_dist_compiled_react-server-dom-turbopack_9212ccad._.js:2020:96)
    at processFullStringRow (http://localhost:3000/_next/static/chunks/node_modules_next_dist_compiled_react-server-dom-turbopack_9212ccad._.js:2421:17)
    at processFullBinaryRow (http://localhost:3000/_next/static/chunks/node_modules_next_dist_compiled_react-server-dom-turbopack_9212ccad._.js:2361:9)
    at processBinaryChunk (http://localhost:3000/_next/static/chunks/node_modules_next_dist_compiled_react-server-dom-turbopack_9212ccad._.js:2470:221)
    at progress (http://localhost:3000/_next/static/chunks/node_modules_next_dist_compiled_react-server-dom-turbopack_9212ccad._.js:2640:13) @ http://localhost:3000/_next/static/chunks/node_modules_next_dist_f3530cac._.js:3127
[   20078ms] [ERROR] WebSocket connection to 'ws://localhost:3000/_next/webpack-hmr?id=85cLRq9XePIrUvGmb6dep' failed: Error in connection establishment: net::ERR_CONNECTION_REFUSED @ http://localhost:3000/_next/static/chunks/node_modules_next_dist_client_17643121._.js:10878
[   21081ms] [ERROR] WebSocket connection to 'ws://localhost:3000/_next/webpack-hmr?id=85cLRq9XePIrUvGmb6dep' failed: Error in connection establishment: net::ERR_CONNECTION_REFUSED @ http://localhost:3000/_next/static/chunks/node_modules_next_dist_client_17643121._.js:10878
[   25432ms] [ERROR] %c%s%c Notion API 상세 오류: background: #e6e6e6;background: light-dark(rgba(0,0,0,0.1), rgba(255,255,255,0.25));color: #000000;color: light-dark(#000000, #ffffff);border-radius: 2px  Server   {object: error, status: 400, code: invalid_request_url, message: Invalid request URL., request_id: 80d49f09-adb7-473e-a531-131c25fe374b} @ http://localhost:3000/_next/static/chunks/node_modules_next_dist_f3530cac._.js:3127
[   25432ms] [ERROR] %c%s%c [대시보드] 견적서 조회 오류: background: #e6e6e6;background: light-dark(rgba(0,0,0,0.1), rgba(255,255,255,0.25));color: #000000;color: light-dark(#000000, #ffffff);border-radius: 2px  Server   Error: Notion API 오류: Bad Request - {"object":"error","status":400,"code":"invalid_request_url","message":"Invalid request URL.","request_id":"80d49f09-adb7-473e-a531-131c25fe374b"}
    at InvoiceTableBody (about://React/Server/file:///Users/changhee/Documents/WorkSpace/invoice-web/.next/dev/server/chunks/ssr/%5Broot-of-the-server%5D__b986a80f._.js?69:962:19)
    at resolveErrorDev (http://localhost:3000/_next/static/chunks/node_modules_next_dist_compiled_react-server-dom-turbopack_9212ccad._.js:1894:106)
    at getOutlinedModel (http://localhost:3000/_next/static/chunks/node_modules_next_dist_compiled_react-server-dom-turbopack_9212ccad._.js:1447:28)
    at parseModelString (http://localhost:3000/_next/static/chunks/node_modules_next_dist_compiled_react-server-dom-turbopack_9212ccad._.js:1561:50)
    at Object.<anonymous> (http://localhost:3000/_next/static/chunks/node_modules_next_dist_compiled_react-server-dom-turbopack_9212ccad._.js:2486:55)
    at JSON.parse (<anonymous>)
    at initializeModelChunk (http://localhost:3000/_next/static/chunks/node_modules_next_dist_compiled_react-server-dom-turbopack_9212ccad._.js:1064:30)
    at getOutlinedModel (http://localhost:3000/_next/static/chunks/node_modules_next_dist_compiled_react-server-dom-turbopack_9212ccad._.js:1385:17)
    at parseModelString (http://localhost:3000/_next/static/chunks/node_modules_next_dist_compiled_react-server-dom-turbopack_9212ccad._.js:1615:50)
    at Array.<anonymous> (http://localhost:3000/_next/static/chunks/node_modules_next_dist_compiled_react-server-dom-turbopack_9212ccad._.js:2486:55)
    at JSON.parse (<anonymous>)
    at initializeModelChunk (http://localhost:3000/_next/static/chunks/node_modules_next_dist_compiled_react-server-dom-turbopack_9212ccad._.js:1064:30)
    at resolveConsoleEntry (http://localhost:3000/_next/static/chunks/node_modules_next_dist_compiled_react-server-dom-turbopack_9212ccad._.js:2020:96)
    at processFullStringRow (http://localhost:3000/_next/static/chunks/node_modules_next_dist_compiled_react-server-dom-turbopack_9212ccad._.js:2421:17)
    at processFullBinaryRow (http://localhost:3000/_next/static/chunks/node_modules_next_dist_compiled_react-server-dom-turbopack_9212ccad._.js:2361:9)
    at processBinaryChunk (http://localhost:3000/_next/static/chunks/node_modules_next_dist_compiled_react-server-dom-turbopack_9212ccad._.js:2470:221)
    at progress (http://localhost:3000/_next/static/chunks/node_modules_next_dist_compiled_react-server-dom-turbopack_9212ccad._.js:2640:13) @ http://localhost:3000/_next/static/chunks/node_modules_next_dist_f3530cac._.js:3127
