[   69304ms] [ERROR] [PDF 다운로드] 실패: Error: Attempting to parse an unsupported color function "lab"
    at Object.parse (http://localhost:3000/_next/static/chunks/node_modules_html2canvas_dist_html2canvas_6fe6250c.js:2001:27)
    at parseColor (http://localhost:3000/_next/static/chunks/node_modules_html2canvas_dist_html2canvas_6fe6250c.js:2118:24)
    at parseBackgroundColor (http://localhost:3000/_next/static/chunks/node_modules_html2canvas_dist_html2canvas_6fe6250c.js:8577:56)
    at http://localhost:3000/_next/static/chunks/node_modules_html2canvas_dist_html2canvas_6fe6250c.js:8516:43
    at step (http://localhost:3000/_next/static/chunks/node_modules_html2canvas_dist_html2canvas_6fe6250c.js:160:27)
    at Object.next (http://localhost:3000/_next/static/chunks/node_modules_html2canvas_dist_html2canvas_6fe6250c.js:101:24)
    at fulfilled (http://localhost:3000/_next/static/chunks/node_modules_html2canvas_dist_html2canvas_6fe6250c.js:62:36) @ http://localhost:3000/_next/static/chunks/node_modules_next_dist_f3530cac._.js:3127
[   72278ms] [WARNING] The resource http://localhost:3000/_next/static/chunks/%5Bturbopack%5D_browser_dev_hmr-client_hmr-client_ts_956a0d3a._.js was preloaded using link preload but not used within a few seconds from the window's load event. Please make sure it has an appropriate `as` value and it is preloaded intentionally. @ http://localhost:3000/dashboard/invoice/30b8017e-78bc-8007-a3e2-f5d68fc276f6:0
[   77037ms] [ERROR] [PDF 다운로드] 실패: Error: Attempting to parse an unsupported color function "lab"
    at Object.parse (http://localhost:3000/_next/static/chunks/node_modules_html2canvas_dist_html2canvas_6fe6250c.js:2001:27)
    at parseColor (http://localhost:3000/_next/static/chunks/node_modules_html2canvas_dist_html2canvas_6fe6250c.js:2118:24)
    at parseBackgroundColor (http://localhost:3000/_next/static/chunks/node_modules_html2canvas_dist_html2canvas_6fe6250c.js:8577:56)
    at http://localhost:3000/_next/static/chunks/node_modules_html2canvas_dist_html2canvas_6fe6250c.js:8516:43
    at step (http://localhost:3000/_next/static/chunks/node_modules_html2canvas_dist_html2canvas_6fe6250c.js:160:27)
    at Object.next (http://localhost:3000/_next/static/chunks/node_modules_html2canvas_dist_html2canvas_6fe6250c.js:101:24)
    at fulfilled (http://localhost:3000/_next/static/chunks/node_modules_html2canvas_dist_html2canvas_6fe6250c.js:62:36) @ http://localhost:3000/_next/static/chunks/node_modules_next_dist_f3530cac._.js:3127
[   80013ms] [WARNING] The resource http://localhost:3000/_next/static/chunks/%5Bturbopack%5D_browser_dev_hmr-client_hmr-client_ts_956a0d3a._.js was preloaded using link preload but not used within a few seconds from the window's load event. Please make sure it has an appropriate `as` value and it is preloaded intentionally. @ http://localhost:3000/dashboard/invoice/30b8017e-78bc-8007-a3e2-f5d68fc276f6:0
[  130380ms] [ERROR] [PDF 다운로드] 실패: Error: Attempting to parse an unsupported color function "lab"
    at Object.parse (http://localhost:3000/_next/static/chunks/node_modules_html2canvas_dist_html2canvas_6fe6250c.js:2001:27)
    at parseColor (http://localhost:3000/_next/static/chunks/node_modules_html2canvas_dist_html2canvas_6fe6250c.js:2118:24)
    at parseBackgroundColor (http://localhost:3000/_next/static/chunks/node_modules_html2canvas_dist_html2canvas_6fe6250c.js:8577:56)
    at http://localhost:3000/_next/static/chunks/node_modules_html2canvas_dist_html2canvas_6fe6250c.js:8516:43
    at step (http://localhost:3000/_next/static/chunks/node_modules_html2canvas_dist_html2canvas_6fe6250c.js:160:27)
    at Object.next (http://localhost:3000/_next/static/chunks/node_modules_html2canvas_dist_html2canvas_6fe6250c.js:101:24)
    at fulfilled (http://localhost:3000/_next/static/chunks/node_modules_html2canvas_dist_html2canvas_6fe6250c.js:62:36) @ http://localhost:3000/_next/static/chunks/node_modules_next_dist_f3530cac._.js:3127
[  133369ms] [WARNING] The resource http://localhost:3000/_next/static/chunks/%5Bturbopack%5D_browser_dev_hmr-client_hmr-client_ts_956a0d3a._.js was preloaded using link preload but not used within a few seconds from the window's load event. Please make sure it has an appropriate `as` value and it is preloaded intentionally. @ http://localhost:3000/dashboard/invoice/30b8017e-78bc-8007-a3e2-f5d68fc276f6:0
[  156056ms] [ERROR] [PDF 다운로드] 실패: Error: Attempting to parse an unsupported color function "lab"
    at Object.parse (http://localhost:3000/_next/static/chunks/node_modules_html2canvas_dist_html2canvas_6fe6250c.js:2001:27)
    at parseColor (http://localhost:3000/_next/static/chunks/node_modules_html2canvas_dist_html2canvas_6fe6250c.js:2118:24)
    at parseBackgroundColor (http://localhost:3000/_next/static/chunks/node_modules_html2canvas_dist_html2canvas_6fe6250c.js:8577:56)
    at http://localhost:3000/_next/static/chunks/node_modules_html2canvas_dist_html2canvas_6fe6250c.js:8516:43
    at step (http://localhost:3000/_next/static/chunks/node_modules_html2canvas_dist_html2canvas_6fe6250c.js:160:27)
    at Object.next (http://localhost:3000/_next/static/chunks/node_modules_html2canvas_dist_html2canvas_6fe6250c.js:101:24)
    at fulfilled (http://localhost:3000/_next/static/chunks/node_modules_html2canvas_dist_html2canvas_6fe6250c.js:62:36) @ http://localhost:3000/_next/static/chunks/node_modules_next_dist_f3530cac._.js:3127
[  159028ms] [WARNING] The resource http://localhost:3000/_next/static/chunks/%5Bturbopack%5D_browser_dev_hmr-client_hmr-client_ts_956a0d3a._.js was preloaded using link preload but not used within a few seconds from the window's load event. Please make sure it has an appropriate `as` value and it is preloaded intentionally. @ http://localhost:3000/dashboard/invoice/30b8017e-78bc-8007-a3e2-f5d68fc276f6:0
[  211748ms] [ERROR] [PDF 다운로드] 실패: Error: Attempting to parse an unsupported color function "lab"
    at Object.parse (http://localhost:3000/_next/static/chunks/node_modules_html2canvas_dist_html2canvas_6fe6250c.js?id=%255Bproject%255D%252Fnode_modules%252Fhtml2canvas%252Fdist%252Fhtml2canvas.js+%255Bapp-client%255D+%2528ecmascript%2529:2000:27)
    at parseColor (http://localhost:3000/_next/static/chunks/node_modules_html2canvas_dist_html2canvas_6fe6250c.js?id=%255Bproject%255D%252Fnode_modules%252Fhtml2canvas%252Fdist%252Fhtml2canvas.js+%255Bapp-client%255D+%2528ecmascript%2529:2117:24)
    at parseBackgroundColor (http://localhost:3000/_next/static/chunks/node_modules_html2canvas_dist_html2canvas_6fe6250c.js?id=%255Bproject%255D%252Fnode_modules%252Fhtml2canvas%252Fdist%252Fhtml2canvas.js+%255Bapp-client%255D+%2528ecmascript%2529:8576:56)
    at eval (http://localhost:3000/_next/static/chunks/node_modules_html2canvas_dist_html2canvas_6fe6250c.js?id=%255Bproject%255D%252Fnode_modules%252Fhtml2canvas%252Fdist%252Fhtml2canvas.js+%255Bapp-client%255D+%2528ecmascript%2529:8515:43)
    at step (http://localhost:3000/_next/static/chunks/node_modules_html2canvas_dist_html2canvas_6fe6250c.js?id=%255Bproject%255D%252Fnode_modules%252Fhtml2canvas%252Fdist%252Fhtml2canvas.js+%255Bapp-client%255D+%2528ecmascript%2529:159:27)
    at Object.eval [as next] (http://localhost:3000/_next/static/chunks/node_modules_html2canvas_dist_html2canvas_6fe6250c.js?id=%255Bproject%255D%252Fnode_modules%252Fhtml2canvas%252Fdist%252Fhtml2canvas.js+%255Bapp-client%255D+%2528ecmascript%2529:100:24)
    at fulfilled (http://localhost:3000/_next/static/chunks/node_modules_html2canvas_dist_html2canvas_6fe6250c.js?id=%255Bproject%255D%252Fnode_modules%252Fhtml2canvas%252Fdist%252Fhtml2canvas.js+%255Bapp-client%255D+%2528ecmascript%2529:61:36) @ http://localhost:3000/_next/static/chunks/node_modules_next_dist_f3530cac._.js:3127
[  214727ms] [WARNING] The resource http://localhost:3000/_next/static/chunks/%5Bturbopack%5D_browser_dev_hmr-client_hmr-client_ts_956a0d3a._.js was preloaded using link preload but not used within a few seconds from the window's load event. Please make sure it has an appropriate `as` value and it is preloaded intentionally. @ http://localhost:3000/dashboard/invoice/30b8017e-78bc-8007-a3e2-f5d68fc276f6:0
[  245307ms] [ERROR] [PDF 다운로드] 실패: Error: Attempting to parse an unsupported color function "lab"
    at Object.parse (http://localhost:3000/_next/static/chunks/node_modules_html2canvas_dist_html2canvas_6fe6250c.js?id=%255Bproject%255D%252Fnode_modules%252Fhtml2canvas%252Fdist%252Fhtml2canvas.js+%255Bapp-client%255D+%2528ecmascript%2529:2000:27)
    at parseColor (http://localhost:3000/_next/static/chunks/node_modules_html2canvas_dist_html2canvas_6fe6250c.js?id=%255Bproject%255D%252Fnode_modules%252Fhtml2canvas%252Fdist%252Fhtml2canvas.js+%255Bapp-client%255D+%2528ecmascript%2529:2117:24)
    at parseBackgroundColor (http://localhost:3000/_next/static/chunks/node_modules_html2canvas_dist_html2canvas_6fe6250c.js?id=%255Bproject%255D%252Fnode_modules%252Fhtml2canvas%252Fdist%252Fhtml2canvas.js+%255Bapp-client%255D+%2528ecmascript%2529:8576:56)
    at eval (http://localhost:3000/_next/static/chunks/node_modules_html2canvas_dist_html2canvas_6fe6250c.js?id=%255Bproject%255D%252Fnode_modules%252Fhtml2canvas%252Fdist%252Fhtml2canvas.js+%255Bapp-client%255D+%2528ecmascript%2529:8515:43)
    at step (http://localhost:3000/_next/static/chunks/node_modules_html2canvas_dist_html2canvas_6fe6250c.js?id=%255Bproject%255D%252Fnode_modules%252Fhtml2canvas%252Fdist%252Fhtml2canvas.js+%255Bapp-client%255D+%2528ecmascript%2529:159:27)
    at Object.eval [as next] (http://localhost:3000/_next/static/chunks/node_modules_html2canvas_dist_html2canvas_6fe6250c.js?id=%255Bproject%255D%252Fnode_modules%252Fhtml2canvas%252Fdist%252Fhtml2canvas.js+%255Bapp-client%255D+%2528ecmascript%2529:100:24)
    at fulfilled (http://localhost:3000/_next/static/chunks/node_modules_html2canvas_dist_html2canvas_6fe6250c.js?id=%255Bproject%255D%252Fnode_modules%252Fhtml2canvas%252Fdist%252Fhtml2canvas.js+%255Bapp-client%255D+%2528ecmascript%2529:61:36) @ http://localhost:3000/_next/static/chunks/node_modules_next_dist_f3530cac._.js:3127
[  248266ms] [WARNING] The resource http://localhost:3000/_next/static/chunks/%5Bturbopack%5D_browser_dev_hmr-client_hmr-client_ts_956a0d3a._.js was preloaded using link preload but not used within a few seconds from the window's load event. Please make sure it has an appropriate `as` value and it is preloaded intentionally. @ http://localhost:3000/dashboard/invoice/30b8017e-78bc-8007-a3e2-f5d68fc276f6:0
[  268364ms] [ERROR] [PDF 다운로드] 실패: Error: Attempting to parse an unsupported color function "lab"
    at Object.parse (http://localhost:3000/_next/static/chunks/node_modules_html2canvas_dist_html2canvas_6fe6250c.js?id=%255Bproject%255D%252Fnode_modules%252Fhtml2canvas%252Fdist%252Fhtml2canvas.js+%255Bapp-client%255D+%2528ecmascript%2529:2000:27)
    at parseColor (http://localhost:3000/_next/static/chunks/node_modules_html2canvas_dist_html2canvas_6fe6250c.js?id=%255Bproject%255D%252Fnode_modules%252Fhtml2canvas%252Fdist%252Fhtml2canvas.js+%255Bapp-client%255D+%2528ecmascript%2529:2117:24)
    at parseBackgroundColor (http://localhost:3000/_next/static/chunks/node_modules_html2canvas_dist_html2canvas_6fe6250c.js?id=%255Bproject%255D%252Fnode_modules%252Fhtml2canvas%252Fdist%252Fhtml2canvas.js+%255Bapp-client%255D+%2528ecmascript%2529:8576:56)
    at eval (http://localhost:3000/_next/static/chunks/node_modules_html2canvas_dist_html2canvas_6fe6250c.js?id=%255Bproject%255D%252Fnode_modules%252Fhtml2canvas%252Fdist%252Fhtml2canvas.js+%255Bapp-client%255D+%2528ecmascript%2529:8515:43)
    at step (http://localhost:3000/_next/static/chunks/node_modules_html2canvas_dist_html2canvas_6fe6250c.js?id=%255Bproject%255D%252Fnode_modules%252Fhtml2canvas%252Fdist%252Fhtml2canvas.js+%255Bapp-client%255D+%2528ecmascript%2529:159:27)
    at Object.eval [as next] (http://localhost:3000/_next/static/chunks/node_modules_html2canvas_dist_html2canvas_6fe6250c.js?id=%255Bproject%255D%252Fnode_modules%252Fhtml2canvas%252Fdist%252Fhtml2canvas.js+%255Bapp-client%255D+%2528ecmascript%2529:100:24)
    at fulfilled (http://localhost:3000/_next/static/chunks/node_modules_html2canvas_dist_html2canvas_6fe6250c.js?id=%255Bproject%255D%252Fnode_modules%252Fhtml2canvas%252Fdist%252Fhtml2canvas.js+%255Bapp-client%255D+%2528ecmascript%2529:61:36) @ http://localhost:3000/_next/static/chunks/node_modules_next_dist_f3530cac._.js:3127
[  271322ms] [WARNING] The resource http://localhost:3000/_next/static/chunks/%5Bturbopack%5D_browser_dev_hmr-client_hmr-client_ts_956a0d3a._.js was preloaded using link preload but not used within a few seconds from the window's load event. Please make sure it has an appropriate `as` value and it is preloaded intentionally. @ http://localhost:3000/dashboard/invoice/30b8017e-78bc-8007-a3e2-f5d68fc276f6:0
[  315103ms] [ERROR] [PDF 다운로드] 실패: Error: Attempting to parse an unsupported color function "lab"
    at Object.parse (http://localhost:3000/_next/static/chunks/node_modules_html2canvas_dist_html2canvas_6fe6250c.js?id=%255Bproject%255D%252Fnode_modules%252Fhtml2canvas%252Fdist%252Fhtml2canvas.js+%255Bapp-client%255D+%2528ecmascript%2529:2000:27)
    at parse (http://localhost:3000/_next/static/chunks/node_modules_html2canvas_dist_html2canvas_6fe6250c.js?id=%255Bproject%255D%252Fnode_modules%252Fhtml2canvas%252Fdist%252Fhtml2canvas.js+%255Bapp-client%255D+%2528ecmascript%2529:4069:40)
    at new CSSParsedDeclaration (http://localhost:3000/_next/static/chunks/node_modules_html2canvas_dist_html2canvas_6fe6250c.js?id=%255Bproject%255D%252Fnode_modules%252Fhtml2canvas%252Fdist%252Fhtml2canvas.js+%255Bapp-client%255D+%2528ecmascript%2529:3951:35)
    at SVGElementContainer.ElementContainer (http://localhost:3000/_next/static/chunks/node_modules_html2canvas_dist_html2canvas_6fe6250c.js?id=%255Bproject%255D%252Fnode_modules%252Fhtml2canvas%252Fdist%252Fhtml2canvas.js+%255Bapp-client%255D+%2528ecmascript%2529:4113:27)
    at new SVGElementContainer (http://localhost:3000/_next/static/chunks/node_modules_html2canvas_dist_html2canvas_6fe6250c.js?id=%255Bproject%255D%252Fnode_modules%252Fhtml2canvas%252Fdist%252Fhtml2canvas.js+%255Bapp-client%255D+%2528ecmascript%2529:4882:32)
    at createContainer (http://localhost:3000/_next/static/chunks/node_modules_html2canvas_dist_html2canvas_6fe6250c.js?id=%255Bproject%255D%252Fnode_modules%252Fhtml2canvas%252Fdist%252Fhtml2canvas.js+%255Bapp-client%255D+%2528ecmascript%2529:5063:20)
    at parseNodeTree (http://localhost:3000/_next/static/chunks/node_modules_html2canvas_dist_html2canvas_6fe6250c.js?id=%255Bproject%255D%252Fnode_modules%252Fhtml2canvas%252Fdist%252Fhtml2canvas.js+%255Bapp-client%255D+%2528ecmascript%2529:5033:37)
    at parseNodeTree (http://localhost:3000/_next/static/chunks/node_modules_html2canvas_dist_html2canvas_6fe6250c.js?id=%255Bproject%255D%252Fnode_modules%252Fhtml2canvas%252Fdist%252Fhtml2canvas.js+%255Bapp-client%255D+%2528ecmascript%2529:5048:29)
    at parseNodeTree (http://localhost:3000/_next/static/chunks/node_modules_html2canvas_dist_html2canvas_6fe6250c.js?id=%255Bproject%255D%252Fnode_modules%252Fhtml2canvas%252Fdist%252Fhtml2canvas.js+%255Bapp-client%255D+%2528ecmascript%2529:5048:29)
    at parseNodeTree (http://localhost:3000/_next/static/chunks/node_modules_html2canvas_dist_html2canvas_6fe6250c.js?id=%255Bproject%255D%252Fnode_modules%252Fhtml2canvas%252Fdist%252Fhtml2canvas.js+%255Bapp-client%255D+%2528ecmascript%2529:5048:29)
    at parseTree (http://localhost:3000/_next/static/chunks/node_modules_html2canvas_dist_html2canvas_6fe6250c.js?id=%255Bproject%255D%252Fnode_modules%252Fhtml2canvas%252Fdist%252Fhtml2canvas.js+%255Bapp-client%255D+%2528ecmascript%2529:5088:9)
    at eval (http://localhost:3000/_next/static/chunks/node_modules_html2canvas_dist_html2canvas_6fe6250c.js?id=%255Bproject%255D%252Fnode_modules%252Fhtml2canvas%252Fdist%252Fhtml2canvas.js+%255Bapp-client%255D+%2528ecmascript%2529:8544:32)
    at step (http://localhost:3000/_next/static/chunks/node_modules_html2canvas_dist_html2canvas_6fe6250c.js?id=%255Bproject%255D%252Fnode_modules%252Fhtml2canvas%252Fdist%252Fhtml2canvas.js+%255Bapp-client%255D+%2528ecmascript%2529:159:27)
    at Object.eval [as next] (http://localhost:3000/_next/static/chunks/node_modules_html2canvas_dist_html2canvas_6fe6250c.js?id=%255Bproject%255D%252Fnode_modules%252Fhtml2canvas%252Fdist%252Fhtml2canvas.js+%255Bapp-client%255D+%2528ecmascript%2529:100:24)
    at fulfilled (http://localhost:3000/_next/static/chunks/node_modules_html2canvas_dist_html2canvas_6fe6250c.js?id=%255Bproject%255D%252Fnode_modules%252Fhtml2canvas%252Fdist%252Fhtml2canvas.js+%255Bapp-client%255D+%2528ecmascript%2529:61:36) @ http://localhost:3000/_next/static/chunks/node_modules_next_dist_f3530cac._.js:3127
[  318043ms] [WARNING] The resource http://localhost:3000/_next/static/chunks/%5Bturbopack%5D_browser_dev_hmr-client_hmr-client_ts_956a0d3a._.js was preloaded using link preload but not used within a few seconds from the window's load event. Please make sure it has an appropriate `as` value and it is preloaded intentionally. @ http://localhost:3000/dashboard/invoice/30b8017e-78bc-8007-a3e2-f5d68fc276f6:0
[  372014ms] [ERROR] [PDF 다운로드] 실패: Error: Attempting to parse an unsupported color function "lab"
    at Object.parse (http://localhost:3000/_next/static/chunks/node_modules_html2canvas_dist_html2canvas_6fe6250c.js?id=%255Bproject%255D%252Fnode_modules%252Fhtml2canvas%252Fdist%252Fhtml2canvas.js+%255Bapp-client%255D+%2528ecmascript%2529:2000:27)
    at parse (http://localhost:3000/_next/static/chunks/node_modules_html2canvas_dist_html2canvas_6fe6250c.js?id=%255Bproject%255D%252Fnode_modules%252Fhtml2canvas%252Fdist%252Fhtml2canvas.js+%255Bapp-client%255D+%2528ecmascript%2529:4069:40)
    at new CSSParsedDeclaration (http://localhost:3000/_next/static/chunks/node_modules_html2canvas_dist_html2canvas_6fe6250c.js?id=%255Bproject%255D%252Fnode_modules%252Fhtml2canvas%252Fdist%252Fhtml2canvas.js+%255Bapp-client%255D+%2528ecmascript%2529:3951:35)
    at SVGElementContainer.ElementContainer (http://localhost:3000/_next/static/chunks/node_modules_html2canvas_dist_html2canvas_6fe6250c.js?id=%255Bproject%255D%252Fnode_modules%252Fhtml2canvas%252Fdist%252Fhtml2canvas.js+%255Bapp-client%255D+%2528ecmascript%2529:4113:27)
    at new SVGElementContainer (http://localhost:3000/_next/static/chunks/node_modules_html2canvas_dist_html2canvas_6fe6250c.js?id=%255Bproject%255D%252Fnode_modules%252Fhtml2canvas%252Fdist%252Fhtml2canvas.js+%255Bapp-client%255D+%2528ecmascript%2529:4882:32)
    at createContainer (http://localhost:3000/_next/static/chunks/node_modules_html2canvas_dist_html2canvas_6fe6250c.js?id=%255Bproject%255D%252Fnode_modules%252Fhtml2canvas%252Fdist%252Fhtml2canvas.js+%255Bapp-client%255D+%2528ecmascript%2529:5063:20)
    at parseNodeTree (http://localhost:3000/_next/static/chunks/node_modules_html2canvas_dist_html2canvas_6fe6250c.js?id=%255Bproject%255D%252Fnode_modules%252Fhtml2canvas%252Fdist%252Fhtml2canvas.js+%255Bapp-client%255D+%2528ecmascript%2529:5033:37)
    at parseNodeTree (http://localhost:3000/_next/static/chunks/node_modules_html2canvas_dist_html2canvas_6fe6250c.js?id=%255Bproject%255D%252Fnode_modules%252Fhtml2canvas%252Fdist%252Fhtml2canvas.js+%255Bapp-client%255D+%2528ecmascript%2529:5048:29)
    at parseNodeTree (http://localhost:3000/_next/static/chunks/node_modules_html2canvas_dist_html2canvas_6fe6250c.js?id=%255Bproject%255D%252Fnode_modules%252Fhtml2canvas%252Fdist%252Fhtml2canvas.js+%255Bapp-client%255D+%2528ecmascript%2529:5048:29)
    at parseNodeTree (http://localhost:3000/_next/static/chunks/node_modules_html2canvas_dist_html2canvas_6fe6250c.js?id=%255Bproject%255D%252Fnode_modules%252Fhtml2canvas%252Fdist%252Fhtml2canvas.js+%255Bapp-client%255D+%2528ecmascript%2529:5048:29)
    at parseTree (http://localhost:3000/_next/static/chunks/node_modules_html2canvas_dist_html2canvas_6fe6250c.js?id=%255Bproject%255D%252Fnode_modules%252Fhtml2canvas%252Fdist%252Fhtml2canvas.js+%255Bapp-client%255D+%2528ecmascript%2529:5088:9)
    at eval (http://localhost:3000/_next/static/chunks/node_modules_html2canvas_dist_html2canvas_6fe6250c.js?id=%255Bproject%255D%252Fnode_modules%252Fhtml2canvas%252Fdist%252Fhtml2canvas.js+%255Bapp-client%255D+%2528ecmascript%2529:8544:32)
    at step (http://localhost:3000/_next/static/chunks/node_modules_html2canvas_dist_html2canvas_6fe6250c.js?id=%255Bproject%255D%252Fnode_modules%252Fhtml2canvas%252Fdist%252Fhtml2canvas.js+%255Bapp-client%255D+%2528ecmascript%2529:159:27)
    at Object.eval [as next] (http://localhost:3000/_next/static/chunks/node_modules_html2canvas_dist_html2canvas_6fe6250c.js?id=%255Bproject%255D%252Fnode_modules%252Fhtml2canvas%252Fdist%252Fhtml2canvas.js+%255Bapp-client%255D+%2528ecmascript%2529:100:24)
    at fulfilled (http://localhost:3000/_next/static/chunks/node_modules_html2canvas_dist_html2canvas_6fe6250c.js?id=%255Bproject%255D%252Fnode_modules%252Fhtml2canvas%252Fdist%252Fhtml2canvas.js+%255Bapp-client%255D+%2528ecmascript%2529:61:36) @ http://localhost:3000/_next/static/chunks/node_modules_next_dist_f3530cac._.js:3127
[  374947ms] [WARNING] The resource http://localhost:3000/_next/static/chunks/%5Bturbopack%5D_browser_dev_hmr-client_hmr-client_ts_956a0d3a._.js was preloaded using link preload but not used within a few seconds from the window's load event. Please make sure it has an appropriate `as` value and it is preloaded intentionally. @ http://localhost:3000/dashboard/invoice/30b8017e-78bc-8007-a3e2-f5d68fc276f6:0
